11-18 17:08:58 com_github_MitjaNemec_ReplicateLayout.action_replicate_layout 392:Plugin executed on: 'win32'
11-18 17:08:58 com_github_MitjaNemec_ReplicateLayout.action_replicate_layout 393:Plugin executed with python version: '3.11.5 (main, Dec 24 2024, 05:27:06) [MSC v.1942 64 bit (AMD64)]'
11-18 17:08:58 com_github_MitjaNemec_ReplicateLayout.action_replicate_layout 394:KiCad build version: 8.0.8
11-18 17:08:58 com_github_MitjaNemec_ReplicateLayout.action_replicate_layout 395:Plugin version: 3.0.3
11-18 17:08:58 com_github_MitjaNemec_ReplicateLayout.action_replicate_layout 396:Frame repr: <wx._core.Frame object at 0x00000280397684C0>
11-18 17:08:58 com_github_MitjaNemec_ReplicateLayout.action_replicate_layout 420:Preparing replicator with R1401 as a reference
11-18 17:08:58 com_github_MitjaNemec_ReplicateLayout.replicate_layout 117:getting a list of all footprints on board
11-18 17:08:58 com_github_MitjaNemec_ReplicateLayout.action_replicate_layout 468:source anchor footprint is 'R1401'
Located on: ['throttle', 'I-V-6']
With filenames: ['throttle.kicad_sch', 'I-V-converter.kicad_sch']
With sheet_id:['throttle', 'I-V-6']
11-18 17:08:58 com_github_MitjaNemec_ReplicateLayout.action_replicate_layout 475:Corresponding footprints are 
[('R1401', ['throttle', 'I-V-6']), ('R1301', ['throttle', 'I-V-5']), ('R1201', ['throttle', 'I-V-4']), ('R1001', ['throttle', 'I-V-1']), ('R703', ['throttle', 'I-V-3']), ('R601', ['throttle', 'I-V-2'])]
11-18 17:08:58 com_github_MitjaNemec_ReplicateLayout.action_replicate_layout 487:Showing dialog
11-18 17:08:58 com_github_MitjaNemec_ReplicateLayout.replicate_layout 472:constructing a list of sheets suitable for replication on level:'I-V-6', file:'I-V-converter.kicad_sch'
11-18 17:08:58 com_github_MitjaNemec_ReplicateLayout.replicate_layout 509:suitable sheets are:[['throttle', 'I-V-1'], ['throttle', 'I-V-2'], ['throttle', 'I-V-3'], ['throttle', 'I-V-4'], ['throttle', 'I-V-5']]
11-18 17:08:58 com_github_MitjaNemec_ReplicateLayout.replicate_layout 1507:Level selected: ['throttle', 'I-V-6']
11-18 17:08:58 com_github_MitjaNemec_ReplicateLayout.replicate_layout 1331:Filtering list of tracks
11-18 17:08:58 com_github_MitjaNemec_ReplicateLayout.action_replicate_layout 493:Toolbar position: wx.Point(1900, 1164)
11-18 17:08:58 com_github_MitjaNemec_ReplicateLayout.action_replicate_layout 498:Dialog position: wx.Point(1461, 1164)
11-18 17:08:59 com_github_MitjaNemec_ReplicateLayout.replicate_layout 472:constructing a list of sheets suitable for replication on level:'I-V-6', file:'I-V-converter.kicad_sch'
11-18 17:08:59 com_github_MitjaNemec_ReplicateLayout.replicate_layout 509:suitable sheets are:[['throttle', 'I-V-1'], ['throttle', 'I-V-2'], ['throttle', 'I-V-3'], ['throttle', 'I-V-4'], ['throttle', 'I-V-5']]
11-18 17:08:59 com_github_MitjaNemec_ReplicateLayout.action_replicate_layout 240:Replicating layout
11-18 17:08:59 com_github_MitjaNemec_ReplicateLayout.replicate_layout 288:Starting replication of sheets: [['throttle', 'I-V-1'], ['throttle', 'I-V-2'], ['throttle', 'I-V-3'], ['throttle', 'I-V-4'], ['throttle', 'I-V-5']]
on level: ['throttle', 'I-V-6']
with tracks=True, zone=True, text=True, text=True, intersecting=False, remove=False, locked footprints=False, group_only=False
11-18 17:08:59 root 332:updating GUI message: 'Preparing for replication'
11-18 17:08:59 root 337:updating GUI with: 0
11-18 17:08:59 com_github_MitjaNemec_ReplicateLayout.replicate_layout 358:Getting the list of source footprints
11-18 17:08:59 root 337:updating GUI with: 0
11-18 17:08:59 com_github_MitjaNemec_ReplicateLayout.replicate_layout 368:Getting the list of all the remaining footprints
11-18 17:08:59 com_github_MitjaNemec_ReplicateLayout.replicate_layout 375:Getting source tracks
11-18 17:08:59 com_github_MitjaNemec_ReplicateLayout.replicate_layout 1331:Filtering list of tracks
11-18 17:08:59 com_github_MitjaNemec_ReplicateLayout.replicate_layout 379:Getting source zones
11-18 17:08:59 com_github_MitjaNemec_ReplicateLayout.replicate_layout 383:Getting source text items
11-18 17:08:59 com_github_MitjaNemec_ReplicateLayout.replicate_layout 387:Getting source drawing items
11-18 17:08:59 root 332:updating GUI message: 'Replicating footprints'
11-18 17:08:59 com_github_MitjaNemec_ReplicateLayout.replicate_layout 861:Replicating footprints
11-18 17:08:59 com_github_MitjaNemec_ReplicateLayout.replicate_layout 868:Replicating footprints on sheet ['throttle', 'I-V-1']
11-18 17:08:59 com_github_MitjaNemec_ReplicateLayout.replicate_layout 985:Src text UUid:36217da3-84dc-4c2b-bd5b-d747e971226f
11-18 17:08:59 com_github_MitjaNemec_ReplicateLayout.replicate_layout 986:Dst text UUid:cfe41034-e306-46e1-9abe-727d0c389b81
11-18 17:08:59 com_github_MitjaNemec_ReplicateLayout.replicate_layout 985:Src text UUid:c0e06a03-f5c1-4fb9-95bb-79595e3f0297
11-18 17:08:59 com_github_MitjaNemec_ReplicateLayout.replicate_layout 986:Dst text UUid:cf4261d4-a124-4c93-94dc-625af77d589e
11-18 17:08:59 com_github_MitjaNemec_ReplicateLayout.replicate_layout 985:Src text UUid:577b5cdf-b427-4dc1-9b9a-bfc284841ea5
11-18 17:08:59 com_github_MitjaNemec_ReplicateLayout.replicate_layout 986:Dst text UUid:faac2c55-0f9e-4fc1-b191-775222f4a0ea
11-18 17:08:59 com_github_MitjaNemec_ReplicateLayout.replicate_layout 985:Src text UUid:37c7f55a-d14b-42bc-aed6-d343bc423fc1
11-18 17:08:59 com_github_MitjaNemec_ReplicateLayout.replicate_layout 986:Dst text UUid:457f14c8-3290-4ad1-a1f3-0dff7e93d88d
11-18 17:08:59 com_github_MitjaNemec_ReplicateLayout.replicate_layout 985:Src text UUid:178661bc-9f6e-4f80-8bc7-115ff3a1f7e1
11-18 17:08:59 com_github_MitjaNemec_ReplicateLayout.replicate_layout 986:Dst text UUid:a18ae881-b71f-4590-a0d4-e66c4e729821
11-18 17:08:59 com_github_MitjaNemec_ReplicateLayout.replicate_layout 985:Src text UUid:24df9410-5a07-497b-b9a6-2e6a34decac7
11-18 17:08:59 com_github_MitjaNemec_ReplicateLayout.replicate_layout 986:Dst text UUid:2a6bd39c-10b0-4555-885c-7a18602d0740
11-18 17:08:59 root 337:updating GUI with: 20
11-18 17:08:59 com_github_MitjaNemec_ReplicateLayout.replicate_layout 985:Src text UUid:8bee3571-9345-483f-b868-1ae89ca2fb60
11-18 17:08:59 com_github_MitjaNemec_ReplicateLayout.replicate_layout 986:Dst text UUid:72f9ff8e-c727-4af4-860d-58229e4598ca
11-18 17:08:59 com_github_MitjaNemec_ReplicateLayout.replicate_layout 985:Src text UUid:3629ade8-b9dc-4303-a78d-1313d6a1f009
11-18 17:08:59 com_github_MitjaNemec_ReplicateLayout.replicate_layout 986:Dst text UUid:639ec063-359f-4828-9fd1-c54d96f80483
11-18 17:08:59 com_github_MitjaNemec_ReplicateLayout.replicate_layout 985:Src text UUid:ba3671dd-ba90-4848-9ff2-7601ee49a63a
11-18 17:08:59 com_github_MitjaNemec_ReplicateLayout.replicate_layout 986:Dst text UUid:f328e2f6-4aa0-4828-a109-98657dff2b08
11-18 17:08:59 com_github_MitjaNemec_ReplicateLayout.replicate_layout 868:Replicating footprints on sheet ['throttle', 'I-V-2']
11-18 17:08:59 com_github_MitjaNemec_ReplicateLayout.replicate_layout 985:Src text UUid:36217da3-84dc-4c2b-bd5b-d747e971226f
11-18 17:08:59 com_github_MitjaNemec_ReplicateLayout.replicate_layout 986:Dst text UUid:bf46bb70-3f9b-4bf3-b427-ee1d0d85cf6e
11-18 17:08:59 com_github_MitjaNemec_ReplicateLayout.replicate_layout 985:Src text UUid:c0e06a03-f5c1-4fb9-95bb-79595e3f0297
11-18 17:08:59 com_github_MitjaNemec_ReplicateLayout.replicate_layout 986:Dst text UUid:1622c055-550e-4e25-b389-2ea7128e8021
11-18 17:08:59 com_github_MitjaNemec_ReplicateLayout.replicate_layout 985:Src text UUid:577b5cdf-b427-4dc1-9b9a-bfc284841ea5
11-18 17:08:59 com_github_MitjaNemec_ReplicateLayout.replicate_layout 986:Dst text UUid:6a50bff1-3ce4-4f6b-a5ac-ec441357f738
11-18 17:08:59 com_github_MitjaNemec_ReplicateLayout.replicate_layout 985:Src text UUid:37c7f55a-d14b-42bc-aed6-d343bc423fc1
11-18 17:08:59 com_github_MitjaNemec_ReplicateLayout.replicate_layout 986:Dst text UUid:00e02b2c-7aee-496d-88a7-57e664745d78
11-18 17:08:59 com_github_MitjaNemec_ReplicateLayout.replicate_layout 985:Src text UUid:178661bc-9f6e-4f80-8bc7-115ff3a1f7e1
11-18 17:08:59 com_github_MitjaNemec_ReplicateLayout.replicate_layout 986:Dst text UUid:91a28e0e-1282-42dd-99d1-dcc9ccb332fa
11-18 17:08:59 com_github_MitjaNemec_ReplicateLayout.replicate_layout 985:Src text UUid:24df9410-5a07-497b-b9a6-2e6a34decac7
11-18 17:08:59 com_github_MitjaNemec_ReplicateLayout.replicate_layout 986:Dst text UUid:2e5c8ad2-822d-44b6-82bf-16016ac04978
11-18 17:08:59 com_github_MitjaNemec_ReplicateLayout.replicate_layout 985:Src text UUid:8bee3571-9345-483f-b868-1ae89ca2fb60
11-18 17:08:59 com_github_MitjaNemec_ReplicateLayout.replicate_layout 986:Dst text UUid:0cee6786-9407-4b29-ab89-d5e10a62b8aa
11-18 17:08:59 com_github_MitjaNemec_ReplicateLayout.replicate_layout 985:Src text UUid:3629ade8-b9dc-4303-a78d-1313d6a1f009
11-18 17:08:59 com_github_MitjaNemec_ReplicateLayout.replicate_layout 986:Dst text UUid:e6d000dd-5a41-4f95-ace3-56737bc5d74b
11-18 17:08:59 com_github_MitjaNemec_ReplicateLayout.replicate_layout 985:Src text UUid:ba3671dd-ba90-4848-9ff2-7601ee49a63a
11-18 17:08:59 com_github_MitjaNemec_ReplicateLayout.replicate_layout 986:Dst text UUid:f79e0690-b958-44f7-b0ca-c8681bc025ad
11-18 17:08:59 com_github_MitjaNemec_ReplicateLayout.replicate_layout 868:Replicating footprints on sheet ['throttle', 'I-V-3']
11-18 17:08:59 com_github_MitjaNemec_ReplicateLayout.replicate_layout 985:Src text UUid:36217da3-84dc-4c2b-bd5b-d747e971226f
11-18 17:08:59 com_github_MitjaNemec_ReplicateLayout.replicate_layout 986:Dst text UUid:b97239cc-1954-426a-8dbf-d5aa0f7026c7
11-18 17:08:59 com_github_MitjaNemec_ReplicateLayout.replicate_layout 985:Src text UUid:c0e06a03-f5c1-4fb9-95bb-79595e3f0297
11-18 17:08:59 com_github_MitjaNemec_ReplicateLayout.replicate_layout 986:Dst text UUid:ef042d24-6e96-4a2c-a063-c7d068eba52d
11-18 17:08:59 com_github_MitjaNemec_ReplicateLayout.replicate_layout 985:Src text UUid:577b5cdf-b427-4dc1-9b9a-bfc284841ea5
11-18 17:08:59 com_github_MitjaNemec_ReplicateLayout.replicate_layout 986:Dst text UUid:4c7e002d-3274-4cdf-8a65-01ddd8b40b4b
11-18 17:08:59 com_github_MitjaNemec_ReplicateLayout.replicate_layout 985:Src text UUid:37c7f55a-d14b-42bc-aed6-d343bc423fc1
11-18 17:08:59 com_github_MitjaNemec_ReplicateLayout.replicate_layout 986:Dst text UUid:b73a4f6f-5f7f-4348-8137-6cf097e4457f
11-18 17:08:59 com_github_MitjaNemec_ReplicateLayout.replicate_layout 985:Src text UUid:178661bc-9f6e-4f80-8bc7-115ff3a1f7e1
11-18 17:08:59 com_github_MitjaNemec_ReplicateLayout.replicate_layout 986:Dst text UUid:96c63035-e3cd-4634-be64-25294b415f3e
11-18 17:08:59 com_github_MitjaNemec_ReplicateLayout.replicate_layout 985:Src text UUid:24df9410-5a07-497b-b9a6-2e6a34decac7
11-18 17:08:59 com_github_MitjaNemec_ReplicateLayout.replicate_layout 986:Dst text UUid:6c648a40-886f-47fd-85e7-8cc1925477c5
11-18 17:08:59 com_github_MitjaNemec_ReplicateLayout.replicate_layout 985:Src text UUid:8bee3571-9345-483f-b868-1ae89ca2fb60
11-18 17:08:59 com_github_MitjaNemec_ReplicateLayout.replicate_layout 986:Dst text UUid:239d9c80-2465-45fd-a312-c4d488a6923a
11-18 17:08:59 com_github_MitjaNemec_ReplicateLayout.replicate_layout 985:Src text UUid:3629ade8-b9dc-4303-a78d-1313d6a1f009
11-18 17:08:59 com_github_MitjaNemec_ReplicateLayout.replicate_layout 986:Dst text UUid:90e20f45-e0f4-43e3-8121-6f50110572ec
11-18 17:08:59 com_github_MitjaNemec_ReplicateLayout.replicate_layout 985:Src text UUid:ba3671dd-ba90-4848-9ff2-7601ee49a63a
11-18 17:08:59 com_github_MitjaNemec_ReplicateLayout.replicate_layout 986:Dst text UUid:c1ea2874-e2c2-4f31-8b45-a4af6d396180
11-18 17:08:59 com_github_MitjaNemec_ReplicateLayout.replicate_layout 868:Replicating footprints on sheet ['throttle', 'I-V-4']
11-18 17:08:59 com_github_MitjaNemec_ReplicateLayout.replicate_layout 985:Src text UUid:36217da3-84dc-4c2b-bd5b-d747e971226f
11-18 17:08:59 com_github_MitjaNemec_ReplicateLayout.replicate_layout 986:Dst text UUid:06e0d988-4e9d-40e5-8380-041cc43d39fc
11-18 17:08:59 com_github_MitjaNemec_ReplicateLayout.replicate_layout 985:Src text UUid:c0e06a03-f5c1-4fb9-95bb-79595e3f0297
11-18 17:08:59 com_github_MitjaNemec_ReplicateLayout.replicate_layout 986:Dst text UUid:651e2669-48a5-4c24-8a51-e7f82d86b2e0
11-18 17:08:59 com_github_MitjaNemec_ReplicateLayout.replicate_layout 985:Src text UUid:577b5cdf-b427-4dc1-9b9a-bfc284841ea5
11-18 17:08:59 com_github_MitjaNemec_ReplicateLayout.replicate_layout 986:Dst text UUid:7b496025-f66d-4bd7-828d-c37cfd7c1a1d
11-18 17:08:59 com_github_MitjaNemec_ReplicateLayout.replicate_layout 985:Src text UUid:37c7f55a-d14b-42bc-aed6-d343bc423fc1
11-18 17:08:59 com_github_MitjaNemec_ReplicateLayout.replicate_layout 986:Dst text UUid:93b757c1-bdcd-46a8-8f5c-93310229fd32
11-18 17:08:59 com_github_MitjaNemec_ReplicateLayout.replicate_layout 985:Src text UUid:178661bc-9f6e-4f80-8bc7-115ff3a1f7e1
11-18 17:08:59 com_github_MitjaNemec_ReplicateLayout.replicate_layout 986:Dst text UUid:e72c91c0-4f83-46ab-ae14-5d14bf5d82f9
11-18 17:08:59 com_github_MitjaNemec_ReplicateLayout.replicate_layout 985:Src text UUid:24df9410-5a07-497b-b9a6-2e6a34decac7
11-18 17:08:59 com_github_MitjaNemec_ReplicateLayout.replicate_layout 986:Dst text UUid:af772d7f-9bb4-4ba2-86c7-b7d572ee1df2
11-18 17:08:59 com_github_MitjaNemec_ReplicateLayout.replicate_layout 985:Src text UUid:8bee3571-9345-483f-b868-1ae89ca2fb60
11-18 17:08:59 com_github_MitjaNemec_ReplicateLayout.replicate_layout 986:Dst text UUid:11d4854d-55e8-4070-850b-1777e68fa207
11-18 17:08:59 com_github_MitjaNemec_ReplicateLayout.replicate_layout 985:Src text UUid:3629ade8-b9dc-4303-a78d-1313d6a1f009
11-18 17:08:59 com_github_MitjaNemec_ReplicateLayout.replicate_layout 986:Dst text UUid:ae53880d-c63f-4aed-a3b7-24dca2314f50
11-18 17:08:59 com_github_MitjaNemec_ReplicateLayout.replicate_layout 985:Src text UUid:ba3671dd-ba90-4848-9ff2-7601ee49a63a
11-18 17:08:59 com_github_MitjaNemec_ReplicateLayout.replicate_layout 986:Dst text UUid:855e2501-d1db-4a60-aaa9-e0c78f7c6e8c
11-18 17:08:59 com_github_MitjaNemec_ReplicateLayout.replicate_layout 868:Replicating footprints on sheet ['throttle', 'I-V-5']
11-18 17:08:59 com_github_MitjaNemec_ReplicateLayout.replicate_layout 985:Src text UUid:36217da3-84dc-4c2b-bd5b-d747e971226f
11-18 17:08:59 com_github_MitjaNemec_ReplicateLayout.replicate_layout 986:Dst text UUid:01974a1c-62f2-4edc-b8e1-ec84048c2a4e
11-18 17:08:59 com_github_MitjaNemec_ReplicateLayout.replicate_layout 985:Src text UUid:c0e06a03-f5c1-4fb9-95bb-79595e3f0297
11-18 17:08:59 com_github_MitjaNemec_ReplicateLayout.replicate_layout 986:Dst text UUid:54ba04c7-383e-4151-b1c5-7f5c486f2349
11-18 17:08:59 com_github_MitjaNemec_ReplicateLayout.replicate_layout 985:Src text UUid:577b5cdf-b427-4dc1-9b9a-bfc284841ea5
11-18 17:08:59 com_github_MitjaNemec_ReplicateLayout.replicate_layout 986:Dst text UUid:3397c5fc-3d40-4965-98b3-2f8ea411bb40
11-18 17:08:59 com_github_MitjaNemec_ReplicateLayout.replicate_layout 985:Src text UUid:37c7f55a-d14b-42bc-aed6-d343bc423fc1
11-18 17:08:59 com_github_MitjaNemec_ReplicateLayout.replicate_layout 986:Dst text UUid:37e16f4d-498f-47f9-8c88-54ec258994b9
11-18 17:08:59 com_github_MitjaNemec_ReplicateLayout.replicate_layout 985:Src text UUid:178661bc-9f6e-4f80-8bc7-115ff3a1f7e1
11-18 17:08:59 com_github_MitjaNemec_ReplicateLayout.replicate_layout 986:Dst text UUid:ac5400a7-40b2-4b0c-9754-a85d555fb8f9
11-18 17:08:59 com_github_MitjaNemec_ReplicateLayout.replicate_layout 985:Src text UUid:24df9410-5a07-497b-b9a6-2e6a34decac7
11-18 17:08:59 com_github_MitjaNemec_ReplicateLayout.replicate_layout 986:Dst text UUid:4504f00d-5d76-42e9-ace6-eaf7b2eb2ec9
11-18 17:08:59 com_github_MitjaNemec_ReplicateLayout.replicate_layout 985:Src text UUid:8bee3571-9345-483f-b868-1ae89ca2fb60
11-18 17:08:59 com_github_MitjaNemec_ReplicateLayout.replicate_layout 986:Dst text UUid:080d6702-062e-449a-b6b2-c7111377127e
11-18 17:08:59 com_github_MitjaNemec_ReplicateLayout.replicate_layout 985:Src text UUid:3629ade8-b9dc-4303-a78d-1313d6a1f009
11-18 17:08:59 com_github_MitjaNemec_ReplicateLayout.replicate_layout 986:Dst text UUid:0aa01127-9116-4778-93cd-e7b75dc3f302
11-18 17:08:59 com_github_MitjaNemec_ReplicateLayout.replicate_layout 985:Src text UUid:ba3671dd-ba90-4848-9ff2-7601ee49a63a
11-18 17:08:59 com_github_MitjaNemec_ReplicateLayout.replicate_layout 986:Dst text UUid:796fbc50-8ae5-4b06-8a14-506511de6701
11-18 17:08:59 root 332:updating GUI message: 'Replicating tracks'
11-18 17:08:59 com_github_MitjaNemec_ReplicateLayout.replicate_layout 1009:Replicating tracks
11-18 17:08:59 com_github_MitjaNemec_ReplicateLayout.replicate_layout 1015:Replicating tracks on sheet ['throttle', 'I-V-1']
11-18 17:08:59 com_github_MitjaNemec_ReplicateLayout.replicate_layout 792:Net pairs for sheet ['throttle', 'I-V-1'] :[('/CPU/P6', '/CPU/P1'), ('/throttle/I-V-6/current', '/throttle/I-V-1/current'), ('GND', 'GND')]
11-18 17:08:59 com_github_MitjaNemec_ReplicateLayout.replicate_layout 1015:Replicating tracks on sheet ['throttle', 'I-V-2']
11-18 17:08:59 com_github_MitjaNemec_ReplicateLayout.replicate_layout 792:Net pairs for sheet ['throttle', 'I-V-2'] :[('/throttle/I-V-6/current', '/throttle/I-V-2/current'), ('/CPU/P6', '/CPU/P2'), ('GND', 'GND')]
11-18 17:08:59 com_github_MitjaNemec_ReplicateLayout.replicate_layout 1015:Replicating tracks on sheet ['throttle', 'I-V-3']
11-18 17:08:59 com_github_MitjaNemec_ReplicateLayout.replicate_layout 792:Net pairs for sheet ['throttle', 'I-V-3'] :[('/throttle/I-V-6/current', '/throttle/I-V-3/current'), ('/CPU/P6', '/CPU/P3'), ('GND', 'GND')]
11-18 17:08:59 com_github_MitjaNemec_ReplicateLayout.replicate_layout 1015:Replicating tracks on sheet ['throttle', 'I-V-4']
11-18 17:08:59 com_github_MitjaNemec_ReplicateLayout.replicate_layout 792:Net pairs for sheet ['throttle', 'I-V-4'] :[('/throttle/I-V-6/current', '/throttle/I-V-4/current'), ('/CPU/P6', '/CPU/P4'), ('GND', 'GND')]
11-18 17:08:59 root 337:updating GUI with: 65
11-18 17:08:59 com_github_MitjaNemec_ReplicateLayout.replicate_layout 1015:Replicating tracks on sheet ['throttle', 'I-V-5']
11-18 17:08:59 com_github_MitjaNemec_ReplicateLayout.replicate_layout 792:Net pairs for sheet ['throttle', 'I-V-5'] :[('/CPU/P6', '/CPU/P5'), ('/throttle/I-V-6/current', '/throttle/I-V-5/current'), ('GND', 'GND')]
11-18 17:08:59 root 332:updating GUI message: 'Replicating zones'
11-18 17:08:59 com_github_MitjaNemec_ReplicateLayout.replicate_layout 1079:Replicating zones
11-18 17:08:59 com_github_MitjaNemec_ReplicateLayout.replicate_layout 1086:Replicating zones on sheet ['throttle', 'I-V-1']
11-18 17:08:59 com_github_MitjaNemec_ReplicateLayout.replicate_layout 792:Net pairs for sheet ['throttle', 'I-V-1'] :[('/CPU/P6', '/CPU/P1'), ('/throttle/I-V-6/current', '/throttle/I-V-1/current'), ('GND', 'GND')]
11-18 17:08:59 com_github_MitjaNemec_ReplicateLayout.replicate_layout 1086:Replicating zones on sheet ['throttle', 'I-V-2']
11-18 17:08:59 com_github_MitjaNemec_ReplicateLayout.replicate_layout 792:Net pairs for sheet ['throttle', 'I-V-2'] :[('/throttle/I-V-6/current', '/throttle/I-V-2/current'), ('/CPU/P6', '/CPU/P2'), ('GND', 'GND')]
11-18 17:08:59 com_github_MitjaNemec_ReplicateLayout.replicate_layout 1086:Replicating zones on sheet ['throttle', 'I-V-3']
11-18 17:08:59 com_github_MitjaNemec_ReplicateLayout.replicate_layout 792:Net pairs for sheet ['throttle', 'I-V-3'] :[('/throttle/I-V-6/current', '/throttle/I-V-3/current'), ('/CPU/P6', '/CPU/P3'), ('GND', 'GND')]
11-18 17:08:59 com_github_MitjaNemec_ReplicateLayout.replicate_layout 1086:Replicating zones on sheet ['throttle', 'I-V-4']
11-18 17:08:59 com_github_MitjaNemec_ReplicateLayout.replicate_layout 792:Net pairs for sheet ['throttle', 'I-V-4'] :[('/throttle/I-V-6/current', '/throttle/I-V-4/current'), ('/CPU/P6', '/CPU/P4'), ('GND', 'GND')]
11-18 17:08:59 com_github_MitjaNemec_ReplicateLayout.replicate_layout 1086:Replicating zones on sheet ['throttle', 'I-V-5']
11-18 17:08:59 com_github_MitjaNemec_ReplicateLayout.replicate_layout 792:Net pairs for sheet ['throttle', 'I-V-5'] :[('/CPU/P6', '/CPU/P5'), ('/throttle/I-V-6/current', '/throttle/I-V-5/current'), ('GND', 'GND')]
11-18 17:08:59 root 332:updating GUI message: 'Replicating text'
11-18 17:08:59 com_github_MitjaNemec_ReplicateLayout.replicate_layout 1168:Replicating text
11-18 17:08:59 root 337:updating GUI with: 0
11-18 17:08:59 com_github_MitjaNemec_ReplicateLayout.replicate_layout 1175:Replicating text on sheet ['throttle', 'I-V-1']
11-18 17:08:59 com_github_MitjaNemec_ReplicateLayout.replicate_layout 1175:Replicating text on sheet ['throttle', 'I-V-2']
11-18 17:08:59 com_github_MitjaNemec_ReplicateLayout.replicate_layout 1175:Replicating text on sheet ['throttle', 'I-V-3']
11-18 17:08:59 com_github_MitjaNemec_ReplicateLayout.replicate_layout 1175:Replicating text on sheet ['throttle', 'I-V-4']
11-18 17:08:59 com_github_MitjaNemec_ReplicateLayout.replicate_layout 1175:Replicating text on sheet ['throttle', 'I-V-5']
11-18 17:08:59 root 332:updating GUI message: 'Replicating drawings'
11-18 17:08:59 com_github_MitjaNemec_ReplicateLayout.replicate_layout 1219:Replicating drawings
11-18 17:08:59 com_github_MitjaNemec_ReplicateLayout.replicate_layout 1225:Replicating drawings on sheet ['throttle', 'I-V-1']
11-18 17:08:59 com_github_MitjaNemec_ReplicateLayout.replicate_layout 1225:Replicating drawings on sheet ['throttle', 'I-V-2']
11-18 17:08:59 com_github_MitjaNemec_ReplicateLayout.replicate_layout 1225:Replicating drawings on sheet ['throttle', 'I-V-3']
11-18 17:08:59 com_github_MitjaNemec_ReplicateLayout.replicate_layout 1225:Replicating drawings on sheet ['throttle', 'I-V-4']
11-18 17:08:59 com_github_MitjaNemec_ReplicateLayout.replicate_layout 1225:Replicating drawings on sheet ['throttle', 'I-V-5']
11-18 17:08:59 com_github_MitjaNemec_ReplicateLayout.action_replicate_layout 256:Replication complete
